[19-Jan-2017 04:43:44 UTC] PHP Warning:  require(/home/ubuntu/workspace/gotham/bootstrap/../vendor/autoload.php): failed to open stream: No such file or directory in /home/ubuntu/workspace/gotham/bootstrap/autoload.php on line 17
[19-Jan-2017 04:43:44 UTC] PHP Stack trace:
[19-Jan-2017 04:43:44 UTC] PHP   1. {main}() /home/ubuntu/workspace/gotham/public/index.php:0
[19-Jan-2017 04:43:44 UTC] PHP   2. require() /home/ubuntu/workspace/gotham/public/index.php:22
[19-Jan-2017 04:43:44 UTC] PHP Fatal error:  require(): Failed opening required '/home/ubuntu/workspace/gotham/bootstrap/../vendor/autoload.php' (include_path='.:/usr/share/php:/usr/share/pear') in /home/ubuntu/workspace/gotham/bootstrap/autoload.php on line 17
[19-Jan-2017 04:43:44 UTC] PHP Stack trace:
[19-Jan-2017 04:43:44 UTC] PHP   1. {main}() /home/ubuntu/workspace/gotham/public/index.php:0
[19-Jan-2017 04:43:44 UTC] PHP   2. require() /home/ubuntu/workspace/gotham/public/index.php:22
[19-Jan-2017 04:45:44 UTC] PHP Warning:  require(/home/ubuntu/workspace/gotham/bootstrap/../vendor/autoload.php): failed to open stream: No such file or directory in /home/ubuntu/workspace/gotham/bootstrap/autoload.php on line 17
[19-Jan-2017 04:45:44 UTC] PHP Stack trace:
[19-Jan-2017 04:45:44 UTC] PHP   1. {main}() /home/ubuntu/workspace/gotham/public/index.php:0
[19-Jan-2017 04:45:44 UTC] PHP   2. require() /home/ubuntu/workspace/gotham/public/index.php:22
[19-Jan-2017 04:45:44 UTC] PHP Fatal error:  require(): Failed opening required '/home/ubuntu/workspace/gotham/bootstrap/../vendor/autoload.php' (include_path='.:/usr/share/php:/usr/share/pear') in /home/ubuntu/workspace/gotham/bootstrap/autoload.php on line 17
[19-Jan-2017 04:45:44 UTC] PHP Stack trace:
[19-Jan-2017 04:45:44 UTC] PHP   1. {main}() /home/ubuntu/workspace/gotham/public/index.php:0
[19-Jan-2017 04:45:44 UTC] PHP   2. require() /home/ubuntu/workspace/gotham/public/index.php:22
[19-Jan-2017 04:45:46 UTC] PHP Warning:  require(/home/ubuntu/workspace/gotham/bootstrap/../vendor/autoload.php): failed to open stream: No such file or directory in /home/ubuntu/workspace/gotham/bootstrap/autoload.php on line 17
[19-Jan-2017 04:45:46 UTC] PHP Stack trace:
[19-Jan-2017 04:45:46 UTC] PHP   1. {main}() /home/ubuntu/workspace/gotham/public/index.php:0
[19-Jan-2017 04:45:46 UTC] PHP   2. require() /home/ubuntu/workspace/gotham/public/index.php:22
[19-Jan-2017 04:45:46 UTC] PHP Fatal error:  require(): Failed opening required '/home/ubuntu/workspace/gotham/bootstrap/../vendor/autoload.php' (include_path='.:/usr/share/php:/usr/share/pear') in /home/ubuntu/workspace/gotham/bootstrap/autoload.php on line 17
[19-Jan-2017 04:45:46 UTC] PHP Stack trace:
[19-Jan-2017 04:45:46 UTC] PHP   1. {main}() /home/ubuntu/workspace/gotham/public/index.php:0
[19-Jan-2017 04:45:46 UTC] PHP   2. require() /home/ubuntu/workspace/gotham/public/index.php:22
[19-Jan-2017 04:45:47 UTC] PHP Warning:  require(/home/ubuntu/workspace/gotham/bootstrap/../vendor/autoload.php): failed to open stream: No such file or directory in /home/ubuntu/workspace/gotham/bootstrap/autoload.php on line 17
[19-Jan-2017 04:45:47 UTC] PHP Stack trace:
[19-Jan-2017 04:45:47 UTC] PHP   1. {main}() /home/ubuntu/workspace/gotham/public/index.php:0
[19-Jan-2017 04:45:47 UTC] PHP   2. require() /home/ubuntu/workspace/gotham/public/index.php:22
[19-Jan-2017 04:45:47 UTC] PHP Fatal error:  require(): Failed opening required '/home/ubuntu/workspace/gotham/bootstrap/../vendor/autoload.php' (include_path='.:/usr/share/php:/usr/share/pear') in /home/ubuntu/workspace/gotham/bootstrap/autoload.php on line 17
[19-Jan-2017 04:45:47 UTC] PHP Stack trace:
[19-Jan-2017 04:45:47 UTC] PHP   1. {main}() /home/ubuntu/workspace/gotham/public/index.php:0
[19-Jan-2017 04:45:47 UTC] PHP   2. require() /home/ubuntu/workspace/gotham/public/index.php:22
[19-Jan-2017 04:45:48 UTC] PHP Warning:  require(/home/ubuntu/workspace/gotham/bootstrap/../vendor/autoload.php): failed to open stream: No such file or directory in /home/ubuntu/workspace/gotham/bootstrap/autoload.php on line 17
[19-Jan-2017 04:45:48 UTC] PHP Stack trace:
[19-Jan-2017 04:45:48 UTC] PHP   1. {main}() /home/ubuntu/workspace/gotham/public/index.php:0
[19-Jan-2017 04:45:48 UTC] PHP   2. require() /home/ubuntu/workspace/gotham/public/index.php:22
[19-Jan-2017 04:45:48 UTC] PHP Fatal error:  require(): Failed opening required '/home/ubuntu/workspace/gotham/bootstrap/../vendor/autoload.php' (include_path='.:/usr/share/php:/usr/share/pear') in /home/ubuntu/workspace/gotham/bootstrap/autoload.php on line 17
[19-Jan-2017 04:45:48 UTC] PHP Stack trace:
[19-Jan-2017 04:45:48 UTC] PHP   1. {main}() /home/ubuntu/workspace/gotham/public/index.php:0
[19-Jan-2017 04:45:48 UTC] PHP   2. require() /home/ubuntu/workspace/gotham/public/index.php:22
[19-Jan-2017 04:45:53 UTC] PHP Warning:  require(/home/ubuntu/workspace/gotham/bootstrap/../vendor/autoload.php): failed to open stream: No such file or directory in /home/ubuntu/workspace/gotham/bootstrap/autoload.php on line 17
[19-Jan-2017 04:45:53 UTC] PHP Stack trace:
[19-Jan-2017 04:45:53 UTC] PHP   1. {main}() /home/ubuntu/workspace/gotham/public/index.php:0
[19-Jan-2017 04:45:53 UTC] PHP   2. require() /home/ubuntu/workspace/gotham/public/index.php:22
[19-Jan-2017 04:45:53 UTC] PHP Fatal error:  require(): Failed opening required '/home/ubuntu/workspace/gotham/bootstrap/../vendor/autoload.php' (include_path='.:/usr/share/php:/usr/share/pear') in /home/ubuntu/workspace/gotham/bootstrap/autoload.php on line 17
[19-Jan-2017 04:45:53 UTC] PHP Stack trace:
[19-Jan-2017 04:45:53 UTC] PHP   1. {main}() /home/ubuntu/workspace/gotham/public/index.php:0
[19-Jan-2017 04:45:53 UTC] PHP   2. require() /home/ubuntu/workspace/gotham/public/index.php:22
[19-Jan-2017 05:44:47 UTC] PHP Parse error:  syntax error, unexpected '.', expecting '&' or variable (T_VARIABLE) in /home/ubuntu/workspace/gotham/vendor/laravel/framework/src/Illuminate/Foundation/helpers.php on line 476
[19-Jan-2017 05:44:47 UTC] PHP Stack trace:
[19-Jan-2017 05:44:47 UTC] PHP   1. {main}() /home/ubuntu/workspace/gotham/public/index.php:0
[19-Jan-2017 05:44:47 UTC] PHP   2. require() /home/ubuntu/workspace/gotham/public/index.php:22
[19-Jan-2017 05:44:47 UTC] PHP   3. require() /home/ubuntu/workspace/gotham/bootstrap/autoload.php:17
[19-Jan-2017 05:44:47 UTC] PHP   4. ComposerAutoloaderInitf7b3fd8e6c3ca674a39a77d78c842797::getLoader() /home/ubuntu/workspace/gotham/vendor/autoload.php:7
[19-Jan-2017 05:44:47 UTC] PHP   5. composerRequiref7b3fd8e6c3ca674a39a77d78c842797() /home/ubuntu/workspace/gotham/vendor/composer/autoload_real.php:56
[19-Jan-2017 05:45:10 UTC] PHP Parse error:  syntax error, unexpected '.', expecting '&' or variable (T_VARIABLE) in /home/ubuntu/workspace/gotham/vendor/laravel/framework/src/Illuminate/Foundation/helpers.php on line 476
[19-Jan-2017 05:45:10 UTC] PHP Stack trace:
[19-Jan-2017 05:45:10 UTC] PHP   1. {main}() /home/ubuntu/workspace/gotham/public/index.php:0
[19-Jan-2017 05:45:10 UTC] PHP   2. require() /home/ubuntu/workspace/gotham/public/index.php:22
[19-Jan-2017 05:45:10 UTC] PHP   3. require() /home/ubuntu/workspace/gotham/bootstrap/autoload.php:17
[19-Jan-2017 05:45:10 UTC] PHP   4. ComposerAutoloaderInitf7b3fd8e6c3ca674a39a77d78c842797::getLoader() /home/ubuntu/workspace/gotham/vendor/autoload.php:7
[19-Jan-2017 05:45:10 UTC] PHP   5. composerRequiref7b3fd8e6c3ca674a39a77d78c842797() /home/ubuntu/workspace/gotham/vendor/composer/autoload_real.php:56
[19-Jan-2017 05:46:59 UTC] PHP Parse error:  syntax error, unexpected '.', expecting '&' or variable (T_VARIABLE) in /home/ubuntu/workspace/gotham/vendor/laravel/framework/src/Illuminate/Foundation/helpers.php on line 476
[19-Jan-2017 05:46:59 UTC] PHP Stack trace:
[19-Jan-2017 05:46:59 UTC] PHP   1. {main}() /home/ubuntu/workspace/gotham/public/index.php:0
[19-Jan-2017 05:46:59 UTC] PHP   2. require() /home/ubuntu/workspace/gotham/public/index.php:22
[19-Jan-2017 05:46:59 UTC] PHP   3. require() /home/ubuntu/workspace/gotham/bootstrap/autoload.php:17
[19-Jan-2017 05:46:59 UTC] PHP   4. ComposerAutoloaderInitf7b3fd8e6c3ca674a39a77d78c842797::getLoader() /home/ubuntu/workspace/gotham/vendor/autoload.php:7
[19-Jan-2017 05:46:59 UTC] PHP   5. composerRequiref7b3fd8e6c3ca674a39a77d78c842797() /home/ubuntu/workspace/gotham/vendor/composer/autoload_real.php:56
[19-Jan-2017 06:00:58 UTC] PHP Parse error:  syntax error, unexpected '.', expecting '&' or variable (T_VARIABLE) in /home/ubuntu/workspace/gotham/vendor/laravel/framework/src/Illuminate/Foundation/helpers.php on line 476
[19-Jan-2017 06:00:58 UTC] PHP Stack trace:
[19-Jan-2017 06:00:58 UTC] PHP   1. {main}() /home/ubuntu/workspace/gotham/public/index.php:0
[19-Jan-2017 06:00:58 UTC] PHP   2. require() /home/ubuntu/workspace/gotham/public/index.php:22
[19-Jan-2017 06:00:58 UTC] PHP   3. require() /home/ubuntu/workspace/gotham/bootstrap/autoload.php:17
[19-Jan-2017 06:00:58 UTC] PHP   4. ComposerAutoloaderInitf7b3fd8e6c3ca674a39a77d78c842797::getLoader() /home/ubuntu/workspace/gotham/vendor/autoload.php:7
[19-Jan-2017 06:00:58 UTC] PHP   5. composerRequiref7b3fd8e6c3ca674a39a77d78c842797() /home/ubuntu/workspace/gotham/vendor/composer/autoload_real.php:56
[19-Jan-2017 06:02:50 UTC] PHP Parse error:  syntax error, unexpected '.', expecting '&' or variable (T_VARIABLE) in /home/ubuntu/workspace/gotham/vendor/laravel/framework/src/Illuminate/Foundation/helpers.php on line 476
[19-Jan-2017 06:02:50 UTC] PHP Stack trace:
[19-Jan-2017 06:02:50 UTC] PHP   1. {main}() /home/ubuntu/workspace/gotham/public/index.php:0
[19-Jan-2017 06:02:50 UTC] PHP   2. require() /home/ubuntu/workspace/gotham/public/index.php:22
[19-Jan-2017 06:02:50 UTC] PHP   3. require() /home/ubuntu/workspace/gotham/bootstrap/autoload.php:17
[19-Jan-2017 06:02:50 UTC] PHP   4. ComposerAutoloaderInitf7b3fd8e6c3ca674a39a77d78c842797::getLoader() /home/ubuntu/workspace/gotham/vendor/autoload.php:7
[19-Jan-2017 06:02:50 UTC] PHP   5. composerRequiref7b3fd8e6c3ca674a39a77d78c842797() /home/ubuntu/workspace/gotham/vendor/composer/autoload_real.php:56
[19-Jan-2017 06:05:52 UTC] PHP Parse error:  syntax error, unexpected '.', expecting '&' or variable (T_VARIABLE) in /home/ubuntu/workspace/gotham/vendor/laravel/framework/src/Illuminate/Foundation/helpers.php on line 476
[19-Jan-2017 06:05:52 UTC] PHP Stack trace:
[19-Jan-2017 06:05:52 UTC] PHP   1. {main}() /home/ubuntu/workspace/gotham/public/index.php:0
[19-Jan-2017 06:05:52 UTC] PHP   2. require() /home/ubuntu/workspace/gotham/public/index.php:22
[19-Jan-2017 06:05:52 UTC] PHP   3. require() /home/ubuntu/workspace/gotham/bootstrap/autoload.php:17
[19-Jan-2017 06:05:52 UTC] PHP   4. ComposerAutoloaderInitf7b3fd8e6c3ca674a39a77d78c842797::getLoader() /home/ubuntu/workspace/gotham/vendor/autoload.php:7
[19-Jan-2017 06:05:52 UTC] PHP   5. composerRequiref7b3fd8e6c3ca674a39a77d78c842797() /home/ubuntu/workspace/gotham/vendor/composer/autoload_real.php:56
[19-Jan-2017 06:05:54 UTC] PHP Parse error:  syntax error, unexpected '.', expecting '&' or variable (T_VARIABLE) in /home/ubuntu/workspace/gotham/vendor/laravel/framework/src/Illuminate/Foundation/helpers.php on line 476
[19-Jan-2017 06:05:54 UTC] PHP Stack trace:
[19-Jan-2017 06:05:54 UTC] PHP   1. {main}() /home/ubuntu/workspace/gotham/public/index.php:0
[19-Jan-2017 06:05:54 UTC] PHP   2. require() /home/ubuntu/workspace/gotham/public/index.php:22
[19-Jan-2017 06:05:54 UTC] PHP   3. require() /home/ubuntu/workspace/gotham/bootstrap/autoload.php:17
[19-Jan-2017 06:05:54 UTC] PHP   4. ComposerAutoloaderInitf7b3fd8e6c3ca674a39a77d78c842797::getLoader() /home/ubuntu/workspace/gotham/vendor/autoload.php:7
[19-Jan-2017 06:05:54 UTC] PHP   5. composerRequiref7b3fd8e6c3ca674a39a77d78c842797() /home/ubuntu/workspace/gotham/vendor/composer/autoload_real.php:56
[20-Jan-2017 02:22:41 UTC] PHP Warning:  Uncaught ErrorException: require(/home/ubuntu/workspace/gotham/routes/api.php): failed to open stream: No such file or directory in /home/ubuntu/workspace/gotham/app/Providers/RouteServiceProvider.php:76
Stack trace:
#0 /home/ubuntu/workspace/gotham/app/Providers/RouteServiceProvider.php(76): Illuminate\Foundation\Bootstrap\HandleExceptions->handleError(2, 'require(/home/u...', '/home/ubuntu/wo...', 76, Array)
#1 /home/ubuntu/workspace/gotham/app/Providers/RouteServiceProvider.php(76): require()
#2 [internal function]: App\Providers\RouteServiceProvider->App\Providers\{closure}(Object(Illuminate\Routing\Router))
#3 /home/ubuntu/workspace/gotham/vendor/laravel/framework/src/Illuminate/Routing/Router.php(330): call_user_func(Object(Closure), Object(Illuminate\Routing\Router))
#4 /home/ubuntu/workspace/gotham/vendor/laravel/framework/src/Illuminate/Support/Facades/Facade.php(237): Illuminate\Routing\Router->group(Array, Object(Closure))
#5 /home/ubuntu/workspace/gotham/app/Providers/RouteServiceProvider.php(77): in /home/ubuntu/workspace/gotham/app/Providers/RouteServiceProvider.php on line 76
[20-Jan-2017 02:22:41 UTC] PHP Fatal error:  App\Providers\RouteServiceProvider::App\Providers\{closure}(): Failed opening required '/home/ubuntu/workspace/gotham/routes/api.php' (include_path='.:/usr/share/php') in /home/ubuntu/workspace/gotham/app/Providers/RouteServiceProvider.php on line 76
[20-Jan-2017 02:25:43 UTC] PHP Warning:  Uncaught ErrorException: require(/home/ubuntu/workspace/gotham/App/Http/routes/api.php): failed to open stream: No such file or directory in /home/ubuntu/workspace/gotham/app/Providers/RouteServiceProvider.php:76
Stack trace:
#0 /home/ubuntu/workspace/gotham/app/Providers/RouteServiceProvider.php(76): Illuminate\Foundation\Bootstrap\HandleExceptions->handleError(2, 'require(/home/u...', '/home/ubuntu/wo...', 76, Array)
#1 /home/ubuntu/workspace/gotham/app/Providers/RouteServiceProvider.php(76): require()
#2 [internal function]: App\Providers\RouteServiceProvider->App\Providers\{closure}(Object(Illuminate\Routing\Router))
#3 /home/ubuntu/workspace/gotham/vendor/laravel/framework/src/Illuminate/Routing/Router.php(330): call_user_func(Object(Closure), Object(Illuminate\Routing\Router))
#4 /home/ubuntu/workspace/gotham/vendor/laravel/framework/src/Illuminate/Support/Facades/Facade.php(237): Illuminate\Routing\Router->group(Array, Object(Closure))
#5 /home/ubuntu/workspace/gotham/app/Providers/RouteServiceProvider in /home/ubuntu/workspace/gotham/app/Providers/RouteServiceProvider.php on line 76
[20-Jan-2017 02:25:43 UTC] PHP Fatal error:  App\Providers\RouteServiceProvider::App\Providers\{closure}(): Failed opening required '/home/ubuntu/workspace/gotham/App/Http/routes/api.php' (include_path='.:/usr/share/php') in /home/ubuntu/workspace/gotham/app/Providers/RouteServiceProvider.php on line 76
[20-Jan-2017 02:45:06 UTC] PHP Warning:  Uncaught ErrorException: require(/home/ubuntu/workspace/gotham/app/Http/routes/api): failed to open stream: No such file or directory in /home/ubuntu/workspace/gotham/app/Providers/RouteServiceProvider.php:76
Stack trace:
#0 /home/ubuntu/workspace/gotham/app/Providers/RouteServiceProvider.php(76): Illuminate\Foundation\Bootstrap\HandleExceptions->handleError(2, 'require(/home/u...', '/home/ubuntu/wo...', 76, Array)
#1 /home/ubuntu/workspace/gotham/app/Providers/RouteServiceProvider.php(76): require()
#2 [internal function]: App\Providers\RouteServiceProvider->App\Providers\{closure}(Object(Illuminate\Routing\Router))
#3 /home/ubuntu/workspace/gotham/vendor/laravel/framework/src/Illuminate/Routing/Router.php(330): call_user_func(Object(Closure), Object(Illuminate\Routing\Router))
#4 /home/ubuntu/workspace/gotham/vendor/laravel/framework/src/Illuminate/Support/Facades/Facade.php(237): Illuminate\Routing\Router->group(Array, Object(Closure))
#5 /home/ubuntu/workspace/gotham/app/Providers/RouteServiceProvider.php in /home/ubuntu/workspace/gotham/app/Providers/RouteServiceProvider.php on line 76
[20-Jan-2017 02:45:06 UTC] PHP Fatal error:  App\Providers\RouteServiceProvider::App\Providers\{closure}(): Failed opening required '/home/ubuntu/workspace/gotham/app/Http/routes/api' (include_path='.:/usr/share/php') in /home/ubuntu/workspace/gotham/app/Providers/RouteServiceProvider.php on line 76
[24-Jan-2017 14:10:08 UTC] PHP Warning:  require(/home/ubuntu/workspace/gotham/bootstrap/../vendor/autoload.php): failed to open stream: No such file or directory in /home/ubuntu/workspace/gotham/bootstrap/autoload.php on line 17
[24-Jan-2017 14:10:08 UTC] PHP Fatal error:  require(): Failed opening required '/home/ubuntu/workspace/gotham/bootstrap/../vendor/autoload.php' (include_path='.:/usr/share/php') in /home/ubuntu/workspace/gotham/bootstrap/autoload.php on line 17
[24-Jan-2017 14:10:11 UTC] PHP Warning:  require(/home/ubuntu/workspace/gotham/bootstrap/../vendor/autoload.php): failed to open stream: No such file or directory in /home/ubuntu/workspace/gotham/bootstrap/autoload.php on line 17
[24-Jan-2017 14:10:11 UTC] PHP Fatal error:  require(): Failed opening required '/home/ubuntu/workspace/gotham/bootstrap/../vendor/autoload.php' (include_path='.:/usr/share/php') in /home/ubuntu/workspace/gotham/bootstrap/autoload.php on line 17
[24-Jan-2017 14:10:13 UTC] PHP Warning:  require(/home/ubuntu/workspace/gotham/bootstrap/../vendor/autoload.php): failed to open stream: No such file or directory in /home/ubuntu/workspace/gotham/bootstrap/autoload.php on line 17
[24-Jan-2017 14:10:13 UTC] PHP Fatal error:  require(): Failed opening required '/home/ubuntu/workspace/gotham/bootstrap/../vendor/autoload.php' (include_path='.:/usr/share/php') in /home/ubuntu/workspace/gotham/bootstrap/autoload.php on line 17
[24-Jan-2017 14:10:23 UTC] PHP Warning:  require(/home/ubuntu/workspace/gotham/bootstrap/../vendor/autoload.php): failed to open stream: No such file or directory in /home/ubuntu/workspace/gotham/bootstrap/autoload.php on line 17
[24-Jan-2017 14:10:23 UTC] PHP Fatal error:  require(): Failed opening required '/home/ubuntu/workspace/gotham/bootstrap/../vendor/autoload.php' (include_path='.:/usr/share/php') in /home/ubuntu/workspace/gotham/bootstrap/autoload.php on line 17
[24-Jan-2017 14:10:24 UTC] PHP Warning:  require(/home/ubuntu/workspace/gotham/bootstrap/../vendor/autoload.php): failed to open stream: No such file or directory in /home/ubuntu/workspace/gotham/bootstrap/autoload.php on line 17
[24-Jan-2017 14:10:24 UTC] PHP Fatal error:  require(): Failed opening required '/home/ubuntu/workspace/gotham/bootstrap/../vendor/autoload.php' (include_path='.:/usr/share/php') in /home/ubuntu/workspace/gotham/bootstrap/autoload.php on line 17
[24-Jan-2017 14:10:25 UTC] PHP Warning:  require(/home/ubuntu/workspace/gotham/bootstrap/../vendor/autoload.php): failed to open stream: No such file or directory in /home/ubuntu/workspace/gotham/bootstrap/autoload.php on line 17
[24-Jan-2017 14:10:25 UTC] PHP Fatal error:  require(): Failed opening required '/home/ubuntu/workspace/gotham/bootstrap/../vendor/autoload.php' (include_path='.:/usr/share/php') in /home/ubuntu/workspace/gotham/bootstrap/autoload.php on line 17
[24-Jan-2017 14:10:26 UTC] PHP Warning:  require(/home/ubuntu/workspace/gotham/bootstrap/../vendor/autoload.php): failed to open stream: No such file or directory in /home/ubuntu/workspace/gotham/bootstrap/autoload.php on line 17
[24-Jan-2017 14:10:26 UTC] PHP Fatal error:  require(): Failed opening required '/home/ubuntu/workspace/gotham/bootstrap/../vendor/autoload.php' (include_path='.:/usr/share/php') in /home/ubuntu/workspace/gotham/bootstrap/autoload.php on line 17
[24-Jan-2017 14:10:27 UTC] PHP Warning:  require(/home/ubuntu/workspace/gotham/bootstrap/../vendor/autoload.php): failed to open stream: No such file or directory in /home/ubuntu/workspace/gotham/bootstrap/autoload.php on line 17
[24-Jan-2017 14:10:27 UTC] PHP Fatal error:  require(): Failed opening required '/home/ubuntu/workspace/gotham/bootstrap/../vendor/autoload.php' (include_path='.:/usr/share/php') in /home/ubuntu/workspace/gotham/bootstrap/autoload.php on line 17
[24-Jan-2017 14:10:28 UTC] PHP Warning:  require(/home/ubuntu/workspace/gotham/bootstrap/../vendor/autoload.php): failed to open stream: No such file or directory in /home/ubuntu/workspace/gotham/bootstrap/autoload.php on line 17
[24-Jan-2017 14:10:28 UTC] PHP Fatal error:  require(): Failed opening required '/home/ubuntu/workspace/gotham/bootstrap/../vendor/autoload.php' (include_path='.:/usr/share/php') in /home/ubuntu/workspace/gotham/bootstrap/autoload.php on line 17
